{
  "stats": {
    "suites": 1,
    "tests": 2,
    "passes": 2,
    "pending": 0,
    "failures": 0,
    "start": "2023-11-01T09:01:02.892Z",
    "end": "2023-11-01T09:01:04.402Z",
    "duration": 1510,
    "testsRegistered": 2,
    "passPercent": 100,
    "pendingPercent": 0,
    "other": 0,
    "hasOther": false,
    "skipped": 0,
    "hasSkipped": false
  },
  "results": [
    {
      "uuid": "8851cde5-f287-4476-ac2b-238ec85df9b3",
      "title": "",
      "fullFile": "C:\\Users\\AVENGER\\Documents\\API Testing\\mySkill_petAPI\\test\\api\\chaiAssert.js",
      "file": "\\test\\api\\chaiAssert.js",
      "beforeHooks": [],
      "afterHooks": [],
      "tests": [],
      "suites": [
        {
          "uuid": "ea61c13e-c5f8-4001-a40e-8233819d79f3",
          "title": "Post Request",
          "fullFile": "C:\\Users\\AVENGER\\Documents\\API Testing\\mySkill_petAPI\\test\\api\\chaiAssert.js",
          "file": "\\test\\api\\chaiAssert.js",
          "beforeHooks": [],
          "afterHooks": [],
          "tests": [
            {
              "title": "response status = 200",
              "fullTitle": "Post Request response status = 200",
              "timedOut": false,
              "duration": 1501,
              "state": "passed",
              "speed": "slow",
              "pass": true,
              "fail": false,
              "pending": false,
              "context": null,
              "code": "//cek response status = 200\nexpect((await response).status).to.equal(200)",
              "err": {},
              "uuid": "99736862-e696-450d-9b5f-8471d191390b",
              "parentUUID": "ea61c13e-c5f8-4001-a40e-8233819d79f3",
              "isHook": false,
              "skipped": false
            },
            {
              "title": "response body to haveOwnProperty",
              "fullTitle": "Post Request response body to haveOwnProperty",
              "timedOut": false,
              "duration": 0,
              "state": "passed",
              "speed": "fast",
              "pass": true,
              "fail": false,
              "pending": false,
              "context": null,
              "code": "//cek body response ada value 'message' \nexpect((await response).body).to.haveOwnProperty('message')",
              "err": {},
              "uuid": "445a7835-43c7-461f-8d8c-72c3463fdba6",
              "parentUUID": "ea61c13e-c5f8-4001-a40e-8233819d79f3",
              "isHook": false,
              "skipped": false
            }
          ],
          "suites": [],
          "passes": [
            "99736862-e696-450d-9b5f-8471d191390b",
            "445a7835-43c7-461f-8d8c-72c3463fdba6"
          ],
          "failures": [],
          "pending": [],
          "skipped": [],
          "duration": 1501,
          "root": false,
          "rootEmpty": false,
          "_timeout": 2000
        }
      ],
      "passes": [],
      "failures": [],
      "pending": [],
      "skipped": [],
      "duration": 0,
      "root": true,
      "rootEmpty": true,
      "_timeout": 2000
    }
  ],
  "meta": {
    "mocha": {
      "version": "10.2.0"
    },
    "mochawesome": {
      "options": {
        "quiet": false,
        "reportFilename": "mochawesome",
        "saveHtml": true,
        "saveJson": true,
        "consoleReporter": "spec",
        "useInlineDiffs": false,
        "code": true
      },
      "version": "7.1.3"
    },
    "marge": {
      "options": null,
      "version": "6.2.0"
    }
  }
}